<?xml version="1.0" encoding="utf-8" standalone="yes"?>
<coverage line-rate="0.040433925049309663" branch-rate="0" complexity="134" version="1.9" timestamp="1783455761" lines-covered="41" lines-valid="1014" branches-valid="62">
  <packages>
    <package line-rate="1" branch-rate="1" complexity="3" name="Employee_archive.tests">
      <classes>
        <class line-rate="1" branch-rate="1" complexity="3" name="Employee_archive.tests.DatabaseHelperTests" filename="D:\Вуз\2 курс\Практика\Employee_Archive\Employee_archive.tests\DatabaseHelperTests.cs">
          <methods>
            <method line-rate="1" branch-rate="1" complexity="1" name=".ctor" signature="()">
              <lines>
                <line number="15" hits="1" branch="False" />
                <line number="16" hits="1" branch="False" />
                <line number="17" hits="1" branch="False" />
                <line number="18" hits="1" branch="False" />
              </lines>
            </method>
            <method line-rate="1" branch-rate="1" complexity="1" name="GetAllEmployees_ShouldReturnMockData" signature="()">
              <lines>
                <line number="23" hits="1" branch="False" />
                <line number="25" hits="1" branch="False" />
                <line number="26" hits="1" branch="False" />
                <line number="27" hits="1" branch="False" />
                <line number="28" hits="1" branch="False" />
                <line number="29" hits="1" branch="False" />
                <line number="31" hits="1" branch="False" />
                <line number="35" hits="1" branch="False" />
                <line number="39" hits="1" branch="False" />
                <line number="40" hits="1" branch="False" />
                <line number="41" hits="1" branch="False" />
                <line number="42" hits="1" branch="False" />
                <line number="43" hits="1" branch="False" />
                <line number="45" hits="1" branch="False" />
              </lines>
            </method>
            <method line-rate="1" branch-rate="1" complexity="1" name="Authenticate_WithValidData_ShouldReturnAdmin" signature="()">
              <lines>
                <line number="49" hits="1" branch="False" />
                <line number="51" hits="1" branch="False" />
                <line number="52" hits="1" branch="False" />
                <line number="53" hits="1" branch="False" />
                <line number="54" hits="1" branch="False" />
                <line number="55" hits="1" branch="False" />
                <line number="56" hits="1" branch="False" />
                <line number="57" hits="1" branch="False" />
                <line number="61" hits="1" branch="False" />
                <line number="64" hits="1" branch="False" />
                <line number="65" hits="1" branch="False" />
                <line number="66" hits="1" branch="False" />
                <line number="68" hits="1" branch="False" />
              </lines>
            </method>
          </methods>
          <lines>
            <line number="15" hits="1" branch="False" />
            <line number="16" hits="1" branch="False" />
            <line number="17" hits="1" branch="False" />
            <line number="18" hits="1" branch="False" />
            <line number="23" hits="1" branch="False" />
            <line number="25" hits="1" branch="False" />
            <line number="26" hits="1" branch="False" />
            <line number="27" hits="1" branch="False" />
            <line number="28" hits="1" branch="False" />
            <line number="29" hits="1" branch="False" />
            <line number="31" hits="1" branch="False" />
            <line number="35" hits="1" branch="False" />
            <line number="39" hits="1" branch="False" />
            <line number="40" hits="1" branch="False" />
            <line number="41" hits="1" branch="False" />
            <line number="42" hits="1" branch="False" />
            <line number="43" hits="1" branch="False" />
            <line number="45" hits="1" branch="False" />
            <line number="49" hits="1" branch="False" />
            <line number="51" hits="1" branch="False" />
            <line number="52" hits="1" branch="False" />
            <line number="53" hits="1" branch="False" />
            <line number="54" hits="1" branch="False" />
            <line number="55" hits="1" branch="False" />
            <line number="56" hits="1" branch="False" />
            <line number="57" hits="1" branch="False" />
            <line number="61" hits="1" branch="False" />
            <line number="64" hits="1" branch="False" />
            <line number="65" hits="1" branch="False" />
            <line number="66" hits="1" branch="False" />
            <line number="68" hits="1" branch="False" />
          </lines>
        </class>
      </classes>
    </package>
    <package line-rate="0.010172939979654121" branch-rate="0" complexity="131" name="Employee_archive">
      <classes>
        <class line-rate="0" branch-rate="0" complexity="13" name="Employee_archive.DatabaseHelper" filename="D:\Вуз\2 курс\Практика\Employee_Archive\Employee_archive\Data\DatabaseHelper.cs">
          <methods>
            <method line-rate="0" branch-rate="1" complexity="1" name=".ctor" signature="()">
              <lines>
                <line number="14" hits="0" branch="False" />
                <line number="16" hits="0" branch="False" />
                <line number="17" hits="0" branch="False" />
                <line number="19" hits="0" branch="False" />
              </lines>
            </method>
            <method line-rate="0" branch-rate="1" complexity="1" name="GetConnection" signature="()">
              <lines>
                <line number="23" hits="0" branch="False" />
                <line number="24" hits="0" branch="False" />
                <line number="25" hits="0" branch="False" />
              </lines>
            </method>
            <method line-rate="0" branch-rate="1" complexity="1" name="TestConnection" signature="()">
              <lines>
                <line number="27" hits="0" branch="False" />
                <line number="29" hits="0" branch="False" />
                <line number="30" hits="0" branch="False" />
                <line number="31" hits="0" branch="False" />
                <line number="32" hits="0" branch="False" />
                <line number="33" hits="0" branch="False" />
                <line number="36" hits="0" branch="False" />
                <line number="37" hits="0" branch="False" />
                <line number="38" hits="0" branch="False" />
                <line number="40" hits="0" branch="False" />
              </lines>
            </method>
            <method line-rate="0" branch-rate="1" complexity="1" name="Execute" signature="(string, object)">
              <lines>
                <line number="43" hits="0" branch="False" />
                <line number="44" hits="0" branch="False" />
                <line number="45" hits="0" branch="False" />
                <line number="46" hits="0" branch="False" />
                <line number="47" hits="0" branch="False" />
                <line number="49" hits="0" branch="False" />
              </lines>
            </method>
            <method line-rate="0" branch-rate="0" complexity="2" name="Authenticate" signature="(string, string)">
              <lines>
                <line number="55" hits="0" branch="False" />
                <line number="56" hits="0" branch="False" />
                <line number="57" hits="0" branch="False" />
                <line number="58" hits="0" branch="False" />
                <line number="59" hits="0" branch="False" />
                <line number="60" hits="0" branch="False" />
                <line number="61" hits="0" branch="False" />
                <line number="63" hits="0" branch="True" condition-coverage="0% (0/2)">
                  <conditions>
                    <condition number="0" type="jump" coverage="0%" />
                  </conditions>
                </line>
                <line number="64" hits="0" branch="False" />
                <line number="65" hits="0" branch="False" />
                <line number="66" hits="0" branch="False" />
                <line number="67" hits="0" branch="False" />
                <line number="68" hits="0" branch="False" />
                <line number="69" hits="0" branch="False" />
                <line number="71" hits="0" branch="False" />
                <line number="73" hits="0" branch="False" />
              </lines>
            </method>
            <method line-rate="0" branch-rate="1" complexity="1" name="GetAllEmployees" signature="()">
              <lines>
                <line number="79" hits="0" branch="False" />
                <line number="80" hits="0" branch="False" />
                <line number="81" hits="0" branch="False" />
                <line number="82" hits="0" branch="False" />
                <line number="83" hits="0" branch="False" />
                <line number="84" hits="0" branch="False" />
                <line number="85" hits="0" branch="False" />
                <line number="87" hits="0" branch="False" />
                <line number="89" hits="0" branch="False" />
              </lines>
            </method>
            <method line-rate="0" branch-rate="1" complexity="1" name="AddEmployee" signature="(Employee_archive.Employee)">
              <lines>
                <line number="92" hits="0" branch="False" />
                <line number="93" hits="0" branch="False" />
                <line number="94" hits="0" branch="False" />
                <line number="95" hits="0" branch="False" />
                <line number="96" hits="0" branch="False" />
                <line number="97" hits="0" branch="False" />
                <line number="98" hits="0" branch="False" />
                <line number="99" hits="0" branch="False" />
                <line number="101" hits="0" branch="False" />
              </lines>
            </method>
            <method line-rate="0" branch-rate="1" complexity="1" name="UpdateEmployee" signature="(Employee_archive.Employee)">
              <lines>
                <line number="104" hits="0" branch="False" />
                <line number="105" hits="0" branch="False" />
                <line number="106" hits="0" branch="False" />
                <line number="107" hits="0" branch="False" />
                <line number="109" hits="0" branch="False" />
                <line number="110" hits="0" branch="False" />
                <line number="111" hits="0" branch="False" />
                <line number="112" hits="0" branch="False" />
                <line number="113" hits="0" branch="False" />
                <line number="114" hits="0" branch="False" />
                <line number="115" hits="0" branch="False" />
                <line number="116" hits="0" branch="False" />
                <line number="117" hits="0" branch="False" />
                <line number="119" hits="0" branch="False" />
              </lines>
            </method>
            <method line-rate="0" branch-rate="1" complexity="1" name="DeleteEmployee" signature="(Employee_archive.Employee)">
              <lines>
                <line number="122" hits="0" branch="False" />
                <line number="123" hits="0" branch="False" />
                <line number="124" hits="0" branch="False" />
                <line number="125" hits="0" branch="False" />
                <line number="127" hits="0" branch="False" />
                <line number="128" hits="0" branch="False" />
                <line number="129" hits="0" branch="False" />
                <line number="130" hits="0" branch="False" />
                <line number="132" hits="0" branch="False" />
              </lines>
            </method>
            <method line-rate="0" branch-rate="1" complexity="1" name="GetAllRoles" signature="()">
              <lines>
                <line number="137" hits="0" branch="False" />
                <line number="138" hits="0" branch="False" />
                <line number="139" hits="0" branch="False" />
                <line number="140" hits="0" branch="False" />
                <line number="141" hits="0" branch="False" />
                <line number="143" hits="0" branch="False" />
                <line number="145" hits="0" branch="False" />
              </lines>
            </method>
            <method line-rate="0" branch-rate="1" complexity="1" name="GetTotalEmployeesCount" signature="()">
              <lines>
                <line number="149" hits="0" branch="False" />
                <line number="150" hits="0" branch="False" />
                <line number="151" hits="0" branch="False" />
                <line number="152" hits="0" branch="False" />
                <line number="153" hits="0" branch="False" />
                <line number="154" hits="0" branch="False" />
                <line number="156" hits="0" branch="False" />
              </lines>
            </method>
            <method line-rate="0" branch-rate="1" complexity="1" name="GetAverageWorkDays" signature="()">
              <lines>
                <line number="158" hits="0" branch="False" />
                <line number="159" hits="0" branch="False" />
                <line number="160" hits="0" branch="False" />
                <line number="161" hits="0" branch="False" />
                <line number="162" hits="0" branch="False" />
                <line number="163" hits="0" branch="False" />
                <line number="164" hits="0" branch="False" />
                <line number="166" hits="0" branch="False" />
              </lines>
            </method>
          </methods>
          <lines>
            <line number="14" hits="0" branch="False" />
            <line number="16" hits="0" branch="False" />
            <line number="17" hits="0" branch="False" />
            <line number="19" hits="0" branch="False" />
            <line number="23" hits="0" branch="False" />
            <line number="24" hits="0" branch="False" />
            <line number="25" hits="0" branch="False" />
            <line number="27" hits="0" branch="False" />
            <line number="29" hits="0" branch="False" />
            <line number="30" hits="0" branch="False" />
            <line number="31" hits="0" branch="False" />
            <line number="32" hits="0" branch="False" />
            <line number="33" hits="0" branch="False" />
            <line number="36" hits="0" branch="False" />
            <line number="37" hits="0" branch="False" />
            <line number="38" hits="0" branch="False" />
            <line number="40" hits="0" branch="False" />
            <line number="43" hits="0" branch="False" />
            <line number="44" hits="0" branch="False" />
            <line number="45" hits="0" branch="False" />
            <line number="46" hits="0" branch="False" />
            <line number="47" hits="0" branch="False" />
            <line number="49" hits="0" branch="False" />
            <line number="55" hits="0" branch="False" />
            <line number="56" hits="0" branch="False" />
            <line number="57" hits="0" branch="False" />
            <line number="58" hits="0" branch="False" />
            <line number="59" hits="0" branch="False" />
            <line number="60" hits="0" branch="False" />
            <line number="61" hits="0" branch="False" />
            <line number="63" hits="0" branch="True" condition-coverage="0% (0/2)">
              <conditions>
                <condition number="0" type="jump" coverage="0%" />
              </conditions>
            </line>
            <line number="64" hits="0" branch="False" />
            <line number="65" hits="0" branch="False" />
            <line number="66" hits="0" branch="False" />
            <line number="67" hits="0" branch="False" />
            <line number="68" hits="0" branch="False" />
            <line number="69" hits="0" branch="False" />
            <line number="71" hits="0" branch="False" />
            <line number="73" hits="0" branch="False" />
            <line number="79" hits="0" branch="False" />
            <line number="80" hits="0" branch="False" />
            <line number="81" hits="0" branch="False" />
            <line number="82" hits="0" branch="False" />
            <line number="83" hits="0" branch="False" />
            <line number="84" hits="0" branch="False" />
            <line number="85" hits="0" branch="False" />
            <line number="87" hits="0" branch="False" />
            <line number="89" hits="0" branch="False" />
            <line number="92" hits="0" branch="False" />
            <line number="93" hits="0" branch="False" />
            <line number="94" hits="0" branch="False" />
            <line number="95" hits="0" branch="False" />
            <line number="96" hits="0" branch="False" />
            <line number="97" hits="0" branch="False" />
            <line number="98" hits="0" branch="False" />
            <line number="99" hits="0" branch="False" />
            <line number="101" hits="0" branch="False" />
            <line number="104" hits="0" branch="False" />
            <line number="105" hits="0" branch="False" />
            <line number="106" hits="0" branch="False" />
            <line number="107" hits="0" branch="False" />
            <line number="109" hits="0" branch="False" />
            <line number="110" hits="0" branch="False" />
            <line number="111" hits="0" branch="False" />
            <line number="112" hits="0" branch="False" />
            <line number="113" hits="0" branch="False" />
            <line number="114" hits="0" branch="False" />
            <line number="115" hits="0" branch="False" />
            <line number="116" hits="0" branch="False" />
            <line number="117" hits="0" branch="False" />
            <line number="119" hits="0" branch="False" />
            <line number="122" hits="0" branch="False" />
            <line number="123" hits="0" branch="False" />
            <line number="124" hits="0" branch="False" />
            <line number="125" hits="0" branch="False" />
            <line number="127" hits="0" branch="False" />
            <line number="128" hits="0" branch="False" />
            <line number="129" hits="0" branch="False" />
            <line number="130" hits="0" branch="False" />
            <line number="132" hits="0" branch="False" />
            <line number="137" hits="0" branch="False" />
            <line number="138" hits="0" branch="False" />
            <line number="139" hits="0" branch="False" />
            <line number="140" hits="0" branch="False" />
            <line number="141" hits="0" branch="False" />
            <line number="143" hits="0" branch="False" />
            <line number="145" hits="0" branch="False" />
            <line number="149" hits="0" branch="False" />
            <line number="150" hits="0" branch="False" />
            <line number="151" hits="0" branch="False" />
            <line number="152" hits="0" branch="False" />
            <line number="153" hits="0" branch="False" />
            <line number="154" hits="0" branch="False" />
            <line number="156" hits="0" branch="False" />
            <line number="158" hits="0" branch="False" />
            <line number="159" hits="0" branch="False" />
            <line number="160" hits="0" branch="False" />
            <line number="161" hits="0" branch="False" />
            <line number="162" hits="0" branch="False" />
            <line number="163" hits="0" branch="False" />
            <line number="164" hits="0" branch="False" />
            <line number="166" hits="0" branch="False" />
          </lines>
        </class>
        <class line-rate="0.625" branch-rate="1" complexity="8" name="Employee_archive.Administrator" filename="D:\Вуз\2 курс\Практика\Employee_Archive\Employee_archive\Models\Administrator.cs">
          <methods>
            <method line-rate="1" branch-rate="1" complexity="1" name="get_ID_Admin" signature="()">
              <lines>
                <line number="11" hits="1" branch="False" />
              </lines>
            </method>
            <method line-rate="1" branch-rate="1" complexity="1" name="set_ID_Admin" signature="(int)">
              <lines>
                <line number="11" hits="1" branch="False" />
              </lines>
            </method>
            <method line-rate="1" branch-rate="1" complexity="1" name="get_Full_Name" signature="()">
              <lines>
                <line number="12" hits="1" branch="False" />
              </lines>
            </method>
            <method line-rate="1" branch-rate="1" complexity="1" name="set_Full_Name" signature="(string)">
              <lines>
                <line number="12" hits="1" branch="False" />
              </lines>
            </method>
            <method line-rate="0" branch-rate="1" complexity="1" name="get_Login" signature="()">
              <lines>
                <line number="13" hits="0" branch="False" />
              </lines>
            </method>
            <method line-rate="1" branch-rate="1" complexity="1" name="set_Login" signature="(string)">
              <lines>
                <line number="13" hits="1" branch="False" />
              </lines>
            </method>
            <method line-rate="0" branch-rate="1" complexity="1" name="get_Password" signature="()">
              <lines>
                <line number="14" hits="0" branch="False" />
              </lines>
            </method>
            <method line-rate="0" branch-rate="1" complexity="1" name="set_Password" signature="(string)">
              <lines>
                <line number="14" hits="0" branch="False" />
              </lines>
            </method>
          </methods>
          <lines>
            <line number="11" hits="1" branch="False" />
            <line number="12" hits="1" branch="False" />
            <line number="13" hits="1" branch="False" />
            <line number="14" hits="0" branch="False" />
          </lines>
        </class>
        <class line-rate="0.35714285714285715" branch-rate="1" complexity="14" name="Employee_archive.Employee" filename="D:\Вуз\2 курс\Практика\Employee_Archive\Employee_archive\Models\Employee.cs">
          <methods>
            <method line-rate="1" branch-rate="1" complexity="1" name="get_ID_employee" signature="()">
              <lines>
                <line number="11" hits="1" branch="False" />
              </lines>
            </method>
            <method line-rate="1" branch-rate="1" complexity="1" name="set_ID_employee" signature="(int)">
              <lines>
                <line number="11" hits="1" branch="False" />
              </lines>
            </method>
            <method line-rate="1" branch-rate="1" complexity="1" name="get_Full_Name" signature="()">
              <lines>
                <line number="12" hits="1" branch="False" />
              </lines>
            </method>
            <method line-rate="1" branch-rate="1" complexity="1" name="set_Full_Name" signature="(string)">
              <lines>
                <line number="12" hits="1" branch="False" />
              </lines>
            </method>
            <method line-rate="0" branch-rate="1" complexity="1" name="get_Born_date" signature="()">
              <lines>
                <line number="13" hits="0" branch="False" />
              </lines>
            </method>
            <method line-rate="0" branch-rate="1" complexity="1" name="set_Born_date" signature="(string)">
              <lines>
                <line number="13" hits="0" branch="False" />
              </lines>
            </method>
            <method line-rate="0" branch-rate="1" complexity="1" name="get_Phone" signature="()">
              <lines>
                <line number="14" hits="0" branch="False" />
              </lines>
            </method>
            <method line-rate="0" branch-rate="1" complexity="1" name="set_Phone" signature="(string)">
              <lines>
                <line number="14" hits="0" branch="False" />
              </lines>
            </method>
            <method line-rate="0" branch-rate="1" complexity="1" name="get_Role" signature="()">
              <lines>
                <line number="15" hits="0" branch="False" />
              </lines>
            </method>
            <method line-rate="0" branch-rate="1" complexity="1" name="set_Role" signature="(int)">
              <lines>
                <line number="15" hits="0" branch="False" />
              </lines>
            </method>
            <method line-rate="0" branch-rate="1" complexity="1" name="get_RoleName" signature="()">
              <lines>
                <line number="16" hits="0" branch="False" />
              </lines>
            </method>
            <method line-rate="1" branch-rate="1" complexity="1" name="set_RoleName" signature="(string)">
              <lines>
                <line number="16" hits="1" branch="False" />
              </lines>
            </method>
            <method line-rate="0" branch-rate="1" complexity="1" name="get_Work_days" signature="()">
              <lines>
                <line number="17" hits="0" branch="False" />
              </lines>
            </method>
            <method line-rate="0" branch-rate="1" complexity="1" name="set_Work_days" signature="(int)">
              <lines>
                <line number="17" hits="0" branch="False" />
              </lines>
            </method>
          </methods>
          <lines>
            <line number="11" hits="1" branch="False" />
            <line number="12" hits="1" branch="False" />
            <line number="13" hits="0" branch="False" />
            <line number="14" hits="0" branch="False" />
            <line number="15" hits="0" branch="False" />
            <line number="16" hits="1" branch="False" />
            <line number="17" hits="0" branch="False" />
          </lines>
        </class>
        <class line-rate="0" branch-rate="1" complexity="4" name="Employee_archive.Role" filename="D:\Вуз\2 курс\Практика\Employee_Archive\Employee_archive\Models\Role.cs">
          <methods>
            <method line-rate="0" branch-rate="1" complexity="1" name="get_ID_Role" signature="()">
              <lines>
                <line number="11" hits="0" branch="False" />
              </lines>
            </method>
            <method line-rate="0" branch-rate="1" complexity="1" name="set_ID_Role" signature="(int)">
              <lines>
                <line number="11" hits="0" branch="False" />
              </lines>
            </method>
            <method line-rate="0" branch-rate="1" complexity="1" name="get_Name_Role" signature="()">
              <lines>
                <line number="12" hits="0" branch="False" />
              </lines>
            </method>
            <method line-rate="0" branch-rate="1" complexity="1" name="set_Name_Role" signature="(string)">
              <lines>
                <line number="12" hits="0" branch="False" />
              </lines>
            </method>
          </methods>
          <lines>
            <line number="11" hits="0" branch="False" />
            <line number="12" hits="0" branch="False" />
          </lines>
        </class>
        <class line-rate="0" branch-rate="1" complexity="1" name="Employee_archive.Program" filename="D:\Вуз\2 курс\Практика\Employee_Archive\Employee_archive\Program.cs">
          <methods>
            <method line-rate="0" branch-rate="1" complexity="1" name="Main" signature="()">
              <lines>
                <line number="17" hits="0" branch="False" />
                <line number="18" hits="0" branch="False" />
                <line number="19" hits="0" branch="False" />
                <line number="20" hits="0" branch="False" />
                <line number="21" hits="0" branch="False" />
              </lines>
            </method>
          </methods>
          <lines>
            <line number="17" hits="0" branch="False" />
            <line number="18" hits="0" branch="False" />
            <line number="19" hits="0" branch="False" />
            <line number="20" hits="0" branch="False" />
            <line number="21" hits="0" branch="False" />
          </lines>
        </class>
        <class line-rate="0" branch-rate="0" complexity="6" name="Employee_archive.TestForm" filename="D:\Вуз\2 курс\Практика\Employee_Archive\Employee_archive\TestForm.Designer.cs">
          <methods>
            <method line-rate="0" branch-rate="1" complexity="1" name=".ctor" signature="()">
              <lines>
                <line number="8" hits="0" branch="False" />
              </lines>
            </method>
            <method line-rate="0" branch-rate="0" complexity="4" name="Dispose" signature="(bool)">
              <lines>
                <line number="15" hits="0" branch="False" />
                <line number="16" hits="0" branch="True" condition-coverage="0% (0/4)">
                  <conditions>
                    <condition number="0" type="jump" coverage="0%" />
                    <condition number="1" type="jump" coverage="0%" />
                  </conditions>
                </line>
                <line number="17" hits="0" branch="False" />
                <line number="18" hits="0" branch="False" />
                <line number="19" hits="0" branch="False" />
                <line number="20" hits="0" branch="False" />
                <line number="21" hits="0" branch="False" />
              </lines>
            </method>
            <method line-rate="0" branch-rate="1" complexity="1" name="InitializeComponent" signature="()">
              <lines>
                <line number="30" hits="0" branch="False" />
                <line number="31" hits="0" branch="False" />
                <line number="32" hits="0" branch="False" />
                <line number="33" hits="0" branch="False" />
                <line number="37" hits="0" branch="False" />
                <line number="38" hits="0" branch="False" />
                <line number="39" hits="0" branch="False" />
                <line number="40" hits="0" branch="False" />
                <line number="41" hits="0" branch="False" />
                <line number="42" hits="0" branch="False" />
                <line number="43" hits="0" branch="False" />
                <line number="44" hits="0" branch="False" />
                <line number="45" hits="0" branch="False" />
                <line number="46" hits="0" branch="False" />
                <line number="50" hits="0" branch="False" />
                <line number="51" hits="0" branch="False" />
                <line number="52" hits="0" branch="False" />
                <line number="53" hits="0" branch="False" />
                <line number="54" hits="0" branch="False" />
                <line number="55" hits="0" branch="False" />
                <line number="56" hits="0" branch="False" />
                <line number="57" hits="0" branch="False" />
                <line number="59" hits="0" branch="False" />
              </lines>
            </method>
          </methods>
          <lines>
            <line number="8" hits="0" branch="False" />
            <line number="15" hits="0" branch="False" />
            <line number="16" hits="0" branch="True" condition-coverage="0% (0/4)">
              <conditions>
                <condition number="0" type="jump" coverage="0%" />
                <condition number="1" type="jump" coverage="0%" />
              </conditions>
            </line>
            <line number="17" hits="0" branch="False" />
            <line number="18" hits="0" branch="False" />
            <line number="19" hits="0" branch="False" />
            <line number="20" hits="0" branch="False" />
            <line number="21" hits="0" branch="False" />
            <line number="30" hits="0" branch="False" />
            <line number="31" hits="0" branch="False" />
            <line number="32" hits="0" branch="False" />
            <line number="33" hits="0" branch="False" />
            <line number="37" hits="0" branch="False" />
            <line number="38" hits="0" branch="False" />
            <line number="39" hits="0" branch="False" />
            <line number="40" hits="0" branch="False" />
            <line number="41" hits="0" branch="False" />
            <line number="42" hits="0" branch="False" />
            <line number="43" hits="0" branch="False" />
            <line number="44" hits="0" branch="False" />
            <line number="45" hits="0" branch="False" />
            <line number="46" hits="0" branch="False" />
            <line number="50" hits="0" branch="False" />
            <line number="51" hits="0" branch="False" />
            <line number="52" hits="0" branch="False" />
            <line number="53" hits="0" branch="False" />
            <line number="54" hits="0" branch="False" />
            <line number="55" hits="0" branch="False" />
            <line number="56" hits="0" branch="False" />
            <line number="57" hits="0" branch="False" />
            <line number="59" hits="0" branch="False" />
          </lines>
        </class>
        <class line-rate="0" branch-rate="1" complexity="2" name="Employee_archive.TestForm" filename="D:\Вуз\2 курс\Практика\Employee_Archive\Employee_archive\TestForm.cs">
          <methods>
            <method line-rate="0" branch-rate="1" complexity="1" name=".ctor" signature="()">
              <lines>
                <line number="16" hits="0" branch="False" />
                <line number="17" hits="0" branch="False" />
                <line number="18" hits="0" branch="False" />
                <line number="19" hits="0" branch="False" />
                <line number="20" hits="0" branch="False" />
                <line number="21" hits="0" branch="False" />
              </lines>
            </method>
            <method line-rate="0" branch-rate="1" complexity="1" name="Load" signature="()">
              <lines>
                <line number="26" hits="0" branch="False" />
                <line number="27" hits="0" branch="False" />
                <line number="29" hits="0" branch="False" />
                <line number="30" hits="0" branch="False" />
              </lines>
            </method>
          </methods>
          <lines>
            <line number="16" hits="0" branch="False" />
            <line number="17" hits="0" branch="False" />
            <line number="18" hits="0" branch="False" />
            <line number="19" hits="0" branch="False" />
            <line number="20" hits="0" branch="False" />
            <line number="21" hits="0" branch="False" />
            <line number="26" hits="0" branch="False" />
            <line number="27" hits="0" branch="False" />
            <line number="29" hits="0" branch="False" />
            <line number="30" hits="0" branch="False" />
          </lines>
        </class>
        <class line-rate="0" branch-rate="1" complexity="2" name="Employee_archive.Properties.Settings" filename="D:\Вуз\2 курс\Практика\Employee_Archive\Employee_archive\Properties\Settings.Designer.cs">
          <methods>
            <method line-rate="0" branch-rate="1" complexity="1" name="get_Default" signature="()">
              <lines>
                <line number="25" hits="0" branch="False" />
                <line number="26" hits="0" branch="False" />
                <line number="27" hits="0" branch="False" />
              </lines>
            </method>
            <method line-rate="0" branch-rate="1" complexity="1" name=".cctor" signature="()">
              <lines>
                <line number="20" hits="0" branch="False" />
              </lines>
            </method>
          </methods>
          <lines>
            <line number="20" hits="0" branch="False" />
            <line number="25" hits="0" branch="False" />
            <line number="26" hits="0" branch="False" />
            <line number="27" hits="0" branch="False" />
          </lines>
        </class>
        <class line-rate="0" branch-rate="0" complexity="6" name="Employee_archive.Forms.AddNewEmployeeForm" filename="D:\Вуз\2 курс\Практика\Employee_Archive\Employee_archive\Forms\AddNewEmployeeForm.Designer.cs">
          <methods>
            <method line-rate="0" branch-rate="1" complexity="1" name=".ctor" signature="()">
              <lines>
                <line number="8" hits="0" branch="False" />
              </lines>
            </method>
            <method line-rate="0" branch-rate="0" complexity="4" name="Dispose" signature="(bool)">
              <lines>
                <line number="15" hits="0" branch="False" />
                <line number="16" hits="0" branch="True" condition-coverage="0% (0/4)">
                  <conditions>
                    <condition number="0" type="jump" coverage="0%" />
                    <condition number="1" type="jump" coverage="0%" />
                  </conditions>
                </line>
                <line number="17" hits="0" branch="False" />
                <line number="18" hits="0" branch="False" />
                <line number="19" hits="0" branch="False" />
                <line number="20" hits="0" branch="False" />
                <line number="21" hits="0" branch="False" />
              </lines>
            </method>
            <method line-rate="0" branch-rate="1" complexity="1" name="InitializeComponent" signature="()">
              <lines>
                <line number="30" hits="0" branch="False" />
                <line number="31" hits="0" branch="False" />
                <line number="32" hits="0" branch="False" />
                <line number="33" hits="0" branch="False" />
                <line number="34" hits="0" branch="False" />
                <line number="35" hits="0" branch="False" />
                <line number="36" hits="0" branch="False" />
                <line number="37" hits="0" branch="False" />
                <line number="38" hits="0" branch="False" />
                <line number="39" hits="0" branch="False" />
                <line number="40" hits="0" branch="False" />
                <line number="41" hits="0" branch="False" />
                <line number="42" hits="0" branch="False" />
                <line number="43" hits="0" branch="False" />
                <line number="44" hits="0" branch="False" />
                <line number="45" hits="0" branch="False" />
                <line number="46" hits="0" branch="False" />
                <line number="50" hits="0" branch="False" />
                <line number="51" hits="0" branch="False" />
                <line number="52" hits="0" branch="False" />
                <line number="53" hits="0" branch="False" />
                <line number="54" hits="0" branch="False" />
                <line number="55" hits="0" branch="False" />
                <line number="56" hits="0" branch="False" />
                <line number="60" hits="0" branch="False" />
                <line number="61" hits="0" branch="False" />
                <line number="62" hits="0" branch="False" />
                <line number="63" hits="0" branch="False" />
                <line number="64" hits="0" branch="False" />
                <line number="65" hits="0" branch="False" />
                <line number="66" hits="0" branch="False" />
                <line number="70" hits="0" branch="False" />
                <line number="71" hits="0" branch="False" />
                <line number="72" hits="0" branch="False" />
                <line number="73" hits="0" branch="False" />
                <line number="74" hits="0" branch="False" />
                <line number="75" hits="0" branch="False" />
                <line number="76" hits="0" branch="False" />
                <line number="80" hits="0" branch="False" />
                <line number="81" hits="0" branch="False" />
                <line number="82" hits="0" branch="False" />
                <line number="83" hits="0" branch="False" />
                <line number="84" hits="0" branch="False" />
                <line number="85" hits="0" branch="False" />
                <line number="86" hits="0" branch="False" />
                <line number="90" hits="0" branch="False" />
                <line number="91" hits="0" branch="False" />
                <line number="92" hits="0" branch="False" />
                <line number="93" hits="0" branch="False" />
                <line number="94" hits="0" branch="False" />
                <line number="95" hits="0" branch="False" />
                <line number="96" hits="0" branch="False" />
                <line number="100" hits="0" branch="False" />
                <line number="101" hits="0" branch="False" />
                <line number="102" hits="0" branch="False" />
                <line number="103" hits="0" branch="False" />
                <line number="104" hits="0" branch="False" />
                <line number="105" hits="0" branch="False" />
                <line number="106" hits="0" branch="False" />
                <line number="107" hits="0" branch="False" />
                <line number="111" hits="0" branch="False" />
                <line number="112" hits="0" branch="False" />
                <line number="113" hits="0" branch="False" />
                <line number="114" hits="0" branch="False" />
                <line number="115" hits="0" branch="False" />
                <line number="116" hits="0" branch="False" />
                <line number="117" hits="0" branch="False" />
                <line number="118" hits="0" branch="False" />
                <line number="122" hits="0" branch="False" />
                <line number="123" hits="0" branch="False" />
                <line number="124" hits="0" branch="False" />
                <line number="125" hits="0" branch="False" />
                <line number="129" hits="0" branch="False" />
                <line number="130" hits="0" branch="False" />
                <line number="131" hits="0" branch="False" />
                <line number="132" hits="0" branch="False" />
                <line number="136" hits="0" branch="False" />
                <line number="137" hits="0" branch="False" />
                <line number="138" hits="0" branch="False" />
                <line number="139" hits="0" branch="False" />
                <line number="143" hits="0" branch="False" />
                <line number="144" hits="0" branch="False" />
                <line number="145" hits="0" branch="False" />
                <line number="146" hits="0" branch="False" />
                <line number="147" hits="0" branch="False" />
                <line number="151" hits="0" branch="False" />
                <line number="152" hits="0" branch="False" />
                <line number="153" hits="0" branch="False" />
                <line number="154" hits="0" branch="False" />
                <line number="155" hits="0" branch="False" />
                <line number="156" hits="0" branch="False" />
                <line number="157" hits="0" branch="False" />
                <line number="158" hits="0" branch="False" />
                <line number="159" hits="0" branch="False" />
                <line number="163" hits="0" branch="False" />
                <line number="164" hits="0" branch="False" />
                <line number="165" hits="0" branch="False" />
                <line number="166" hits="0" branch="False" />
                <line number="167" hits="0" branch="False" />
                <line number="168" hits="0" branch="False" />
                <line number="169" hits="0" branch="False" />
                <line number="173" hits="0" branch="False" />
                <line number="174" hits="0" branch="False" />
                <line number="175" hits="0" branch="False" />
                <line number="176" hits="0" branch="False" />
                <line number="177" hits="0" branch="False" />
                <line number="178" hits="0" branch="False" />
                <line number="179" hits="0" branch="False" />
                <line number="183" hits="0" branch="False" />
                <line number="184" hits="0" branch="False" />
                <line number="185" hits="0" branch="False" />
                <line number="186" hits="0" branch="False" />
                <line number="187" hits="0" branch="False" />
                <line number="188" hits="0" branch="False" />
                <line number="189" hits="0" branch="False" />
                <line number="190" hits="0" branch="False" />
                <line number="191" hits="0" branch="False" />
                <line number="192" hits="0" branch="False" />
                <line number="193" hits="0" branch="False" />
                <line number="194" hits="0" branch="False" />
                <line number="195" hits="0" branch="False" />
                <line number="196" hits="0" branch="False" />
                <line number="197" hits="0" branch="False" />
                <line number="198" hits="0" branch="False" />
                <line number="199" hits="0" branch="False" />
                <line number="200" hits="0" branch="False" />
                <line number="201" hits="0" branch="False" />
                <line number="202" hits="0" branch="False" />
                <line number="203" hits="0" branch="False" />
                <line number="204" hits="0" branch="False" />
                <line number="205" hits="0" branch="False" />
                <line number="207" hits="0" branch="False" />
              </lines>
            </method>
          </methods>
          <lines>
            <line number="8" hits="0" branch="False" />
            <line number="15" hits="0" branch="False" />
            <line number="16" hits="0" branch="True" condition-coverage="0% (0/4)">
              <conditions>
                <condition number="0" type="jump" coverage="0%" />
                <condition number="1" type="jump" coverage="0%" />
              </conditions>
            </line>
            <line number="17" hits="0" branch="False" />
            <line number="18" hits="0" branch="False" />
            <line number="19" hits="0" branch="False" />
            <line number="20" hits="0" branch="False" />
            <line number="21" hits="0" branch="False" />
            <line number="30" hits="0" branch="False" />
            <line number="31" hits="0" branch="False" />
            <line number="32" hits="0" branch="False" />
            <line number="33" hits="0" branch="False" />
            <line number="34" hits="0" branch="False" />
            <line number="35" hits="0" branch="False" />
            <line number="36" hits="0" branch="False" />
            <line number="37" hits="0" branch="False" />
            <line number="38" hits="0" branch="False" />
            <line number="39" hits="0" branch="False" />
            <line number="40" hits="0" branch="False" />
            <line number="41" hits="0" branch="False" />
            <line number="42" hits="0" branch="False" />
            <line number="43" hits="0" branch="False" />
            <line number="44" hits="0" branch="False" />
            <line number="45" hits="0" branch="False" />
            <line number="46" hits="0" branch="False" />
            <line number="50" hits="0" branch="False" />
            <line number="51" hits="0" branch="False" />
            <line number="52" hits="0" branch="False" />
            <line number="53" hits="0" branch="False" />
            <line number="54" hits="0" branch="False" />
            <line number="55" hits="0" branch="False" />
            <line number="56" hits="0" branch="False" />
            <line number="60" hits="0" branch="False" />
            <line number="61" hits="0" branch="False" />
            <line number="62" hits="0" branch="False" />
            <line number="63" hits="0" branch="False" />
            <line number="64" hits="0" branch="False" />
            <line number="65" hits="0" branch="False" />
            <line number="66" hits="0" branch="False" />
            <line number="70" hits="0" branch="False" />
            <line number="71" hits="0" branch="False" />
            <line number="72" hits="0" branch="False" />
            <line number="73" hits="0" branch="False" />
            <line number="74" hits="0" branch="False" />
            <line number="75" hits="0" branch="False" />
            <line number="76" hits="0" branch="False" />
            <line number="80" hits="0" branch="False" />
            <line number="81" hits="0" branch="False" />
            <line number="82" hits="0" branch="False" />
            <line number="83" hits="0" branch="False" />
            <line number="84" hits="0" branch="False" />
            <line number="85" hits="0" branch="False" />
            <line number="86" hits="0" branch="False" />
            <line number="90" hits="0" branch="False" />
            <line number="91" hits="0" branch="False" />
            <line number="92" hits="0" branch="False" />
            <line number="93" hits="0" branch="False" />
            <line number="94" hits="0" branch="False" />
            <line number="95" hits="0" branch="False" />
            <line number="96" hits="0" branch="False" />
            <line number="100" hits="0" branch="False" />
            <line number="101" hits="0" branch="False" />
            <line number="102" hits="0" branch="False" />
            <line number="103" hits="0" branch="False" />
            <line number="104" hits="0" branch="False" />
            <line number="105" hits="0" branch="False" />
            <line number="106" hits="0" branch="False" />
            <line number="107" hits="0" branch="False" />
            <line number="111" hits="0" branch="False" />
            <line number="112" hits="0" branch="False" />
            <line number="113" hits="0" branch="False" />
            <line number="114" hits="0" branch="False" />
            <line number="115" hits="0" branch="False" />
            <line number="116" hits="0" branch="False" />
            <line number="117" hits="0" branch="False" />
            <line number="118" hits="0" branch="False" />
            <line number="122" hits="0" branch="False" />
            <line number="123" hits="0" branch="False" />
            <line number="124" hits="0" branch="False" />
            <line number="125" hits="0" branch="False" />
            <line number="129" hits="0" branch="False" />
            <line number="130" hits="0" branch="False" />
            <line number="131" hits="0" branch="False" />
            <line number="132" hits="0" branch="False" />
            <line number="136" hits="0" branch="False" />
            <line number="137" hits="0" branch="False" />
            <line number="138" hits="0" branch="False" />
            <line number="139" hits="0" branch="False" />
            <line number="143" hits="0" branch="False" />
            <line number="144" hits="0" branch="False" />
            <line number="145" hits="0" branch="False" />
            <line number="146" hits="0" branch="False" />
            <line number="147" hits="0" branch="False" />
            <line number="151" hits="0" branch="False" />
            <line number="152" hits="0" branch="False" />
            <line number="153" hits="0" branch="False" />
            <line number="154" hits="0" branch="False" />
            <line number="155" hits="0" branch="False" />
            <line number="156" hits="0" branch="False" />
            <line number="157" hits="0" branch="False" />
            <line number="158" hits="0" branch="False" />
            <line number="159" hits="0" branch="False" />
            <line number="163" hits="0" branch="False" />
            <line number="164" hits="0" branch="False" />
            <line number="165" hits="0" branch="False" />
            <line number="166" hits="0" branch="False" />
            <line number="167" hits="0" branch="False" />
            <line number="168" hits="0" branch="False" />
            <line number="169" hits="0" branch="False" />
            <line number="173" hits="0" branch="False" />
            <line number="174" hits="0" branch="False" />
            <line number="175" hits="0" branch="False" />
            <line number="176" hits="0" branch="False" />
            <line number="177" hits="0" branch="False" />
            <line number="178" hits="0" branch="False" />
            <line number="179" hits="0" branch="False" />
            <line number="183" hits="0" branch="False" />
            <line number="184" hits="0" branch="False" />
            <line number="185" hits="0" branch="False" />
            <line number="186" hits="0" branch="False" />
            <line number="187" hits="0" branch="False" />
            <line number="188" hits="0" branch="False" />
            <line number="189" hits="0" branch="False" />
            <line number="190" hits="0" branch="False" />
            <line number="191" hits="0" branch="False" />
            <line number="192" hits="0" branch="False" />
            <line number="193" hits="0" branch="False" />
            <line number="194" hits="0" branch="False" />
            <line number="195" hits="0" branch="False" />
            <line number="196" hits="0" branch="False" />
            <line number="197" hits="0" branch="False" />
            <line number="198" hits="0" branch="False" />
            <line number="199" hits="0" branch="False" />
            <line number="200" hits="0" branch="False" />
            <line number="201" hits="0" branch="False" />
            <line number="202" hits="0" branch="False" />
            <line number="203" hits="0" branch="False" />
            <line number="204" hits="0" branch="False" />
            <line number="205" hits="0" branch="False" />
            <line number="207" hits="0" branch="False" />
          </lines>
        </class>
        <class line-rate="0" branch-rate="0" complexity="15" name="Employee_archive.Forms.AddNewEmployeeForm" filename="D:\Вуз\2 курс\Практика\Employee_Archive\Employee_archive\Forms\AddNewEmployeeForm.cs">
          <methods>
            <method line-rate="0" branch-rate="1" complexity="1" name=".ctor" signature="()">
              <lines>
                <line number="17" hits="0" branch="False" />
                <line number="18" hits="0" branch="False" />
                <line number="19" hits="0" branch="False" />
                <line number="20" hits="0" branch="False" />
                <line number="21" hits="0" branch="False" />
                <line number="22" hits="0" branch="False" />
              </lines>
            </method>
            <method line-rate="0" branch-rate="1" complexity="1" name="LoadRoles" signature="()">
              <lines>
                <line number="26" hits="0" branch="False" />
                <line number="27" hits="0" branch="False" />
                <line number="29" hits="0" branch="False" />
                <line number="30" hits="0" branch="False" />
                <line number="31" hits="0" branch="False" />
                <line number="32" hits="0" branch="False" />
              </lines>
            </method>
            <method line-rate="0" branch-rate="0" complexity="12" name="btnAddEmployee_Click" signature="(object, System.EventArgs)">
              <lines>
                <line number="35" hits="0" branch="False" />
                <line number="36" hits="0" branch="True" condition-coverage="0% (0/2)">
                  <conditions>
                    <condition number="0" type="jump" coverage="0%" />
                  </conditions>
                </line>
                <line number="37" hits="0" branch="False" />
                <line number="38" hits="0" branch="False" />
                <line number="39" hits="0" branch="False" />
                <line number="41" hits="0" branch="True" condition-coverage="0% (0/2)">
                  <conditions>
                    <condition number="0" type="jump" coverage="0%" />
                  </conditions>
                </line>
                <line number="42" hits="0" branch="False" />
                <line number="43" hits="0" branch="False" />
                <line number="44" hits="0" branch="False" />
                <line number="46" hits="0" branch="True" condition-coverage="0% (0/2)">
                  <conditions>
                    <condition number="0" type="jump" coverage="0%" />
                  </conditions>
                </line>
                <line number="47" hits="0" branch="False" />
                <line number="48" hits="0" branch="False" />
                <line number="49" hits="0" branch="False" />
                <line number="51" hits="0" branch="True" condition-coverage="0% (0/2)">
                  <conditions>
                    <condition number="0" type="jump" coverage="0%" />
                  </conditions>
                </line>
                <line number="52" hits="0" branch="False" />
                <line number="53" hits="0" branch="False" />
                <line number="54" hits="0" branch="False" />
                <line number="56" hits="0" branch="True" condition-coverage="0% (0/2)">
                  <conditions>
                    <condition number="0" type="jump" coverage="0%" />
                  </conditions>
                </line>
                <line number="57" hits="0" branch="False" />
                <line number="58" hits="0" branch="False" />
                <line number="59" hits="0" branch="False" />
                <line number="61" hits="0" branch="False" />
                <line number="62" hits="0" branch="False" />
                <line number="63" hits="0" branch="False" />
                <line number="64" hits="0" branch="False" />
                <line number="65" hits="0" branch="False" />
                <line number="67" hits="0" branch="False" />
                <line number="68" hits="0" branch="False" />
                <line number="69" hits="0" branch="False" />
                <line number="70" hits="0" branch="False" />
                <line number="71" hits="0" branch="False" />
                <line number="72" hits="0" branch="False" />
                <line number="73" hits="0" branch="False" />
                <line number="74" hits="0" branch="False" />
                <line number="75" hits="0" branch="False" />
                <line number="78" hits="0" branch="False" />
                <line number="79" hits="0" branch="False" />
                <line number="80" hits="0" branch="True" condition-coverage="0% (0/2)">
                  <conditions>
                    <condition number="0" type="jump" coverage="0%" />
                  </conditions>
                </line>
                <line number="81" hits="0" branch="False" />
                <line number="82" hits="0" branch="False" />
                <line number="83" hits="0" branch="False" />
                <line number="84" hits="0" branch="False" />
                <line number="85" hits="0" branch="False" />
                <line number="86" hits="0" branch="False" />
                <line number="88" hits="0" branch="False" />
                <line number="89" hits="0" branch="False" />
                <line number="90" hits="0" branch="False" />
                <line number="91" hits="0" branch="False" />
                <line number="93" hits="0" branch="False" />
              </lines>
            </method>
            <method line-rate="0" branch-rate="1" complexity="1" name="btnCancel_Click" signature="(object, System.EventArgs)">
              <lines>
                <line number="96" hits="0" branch="False" />
                <line number="97" hits="0" branch="False" />
                <line number="98" hits="0" branch="False" />
                <line number="99" hits="0" branch="False" />
                <line number="100" hits="0" branch="False" />
                <line number="101" hits="0" branch="False" />
              </lines>
            </method>
          </methods>
          <lines>
            <line number="17" hits="0" branch="False" />
            <line number="18" hits="0" branch="False" />
            <line number="19" hits="0" branch="False" />
            <line number="20" hits="0" branch="False" />
            <line number="21" hits="0" branch="False" />
            <line number="22" hits="0" branch="False" />
            <line number="26" hits="0" branch="False" />
            <line number="27" hits="0" branch="False" />
            <line number="29" hits="0" branch="False" />
            <line number="30" hits="0" branch="False" />
            <line number="31" hits="0" branch="False" />
            <line number="32" hits="0" branch="False" />
            <line number="35" hits="0" branch="False" />
            <line number="36" hits="0" branch="True" condition-coverage="0% (0/2)">
              <conditions>
                <condition number="0" type="jump" coverage="0%" />
              </conditions>
            </line>
            <line number="37" hits="0" branch="False" />
            <line number="38" hits="0" branch="False" />
            <line number="39" hits="0" branch="False" />
            <line number="41" hits="0" branch="True" condition-coverage="0% (0/2)">
              <conditions>
                <condition number="0" type="jump" coverage="0%" />
              </conditions>
            </line>
            <line number="42" hits="0" branch="False" />
            <line number="43" hits="0" branch="False" />
            <line number="44" hits="0" branch="False" />
            <line number="46" hits="0" branch="True" condition-coverage="0% (0/2)">
              <conditions>
                <condition number="0" type="jump" coverage="0%" />
              </conditions>
            </line>
            <line number="47" hits="0" branch="False" />
            <line number="48" hits="0" branch="False" />
            <line number="49" hits="0" branch="False" />
            <line number="51" hits="0" branch="True" condition-coverage="0% (0/2)">
              <conditions>
                <condition number="0" type="jump" coverage="0%" />
              </conditions>
            </line>
            <line number="52" hits="0" branch="False" />
            <line number="53" hits="0" branch="False" />
            <line number="54" hits="0" branch="False" />
            <line number="56" hits="0" branch="True" condition-coverage="0% (0/2)">
              <conditions>
                <condition number="0" type="jump" coverage="0%" />
              </conditions>
            </line>
            <line number="57" hits="0" branch="False" />
            <line number="58" hits="0" branch="False" />
            <line number="59" hits="0" branch="False" />
            <line number="61" hits="0" branch="False" />
            <line number="62" hits="0" branch="False" />
            <line number="63" hits="0" branch="False" />
            <line number="64" hits="0" branch="False" />
            <line number="65" hits="0" branch="False" />
            <line number="67" hits="0" branch="False" />
            <line number="68" hits="0" branch="False" />
            <line number="69" hits="0" branch="False" />
            <line number="70" hits="0" branch="False" />
            <line number="71" hits="0" branch="False" />
            <line number="72" hits="0" branch="False" />
            <line number="73" hits="0" branch="False" />
            <line number="74" hits="0" branch="False" />
            <line number="75" hits="0" branch="False" />
            <line number="78" hits="0" branch="False" />
            <line number="79" hits="0" branch="False" />
            <line number="80" hits="0" branch="True" condition-coverage="0% (0/2)">
              <conditions>
                <condition number="0" type="jump" coverage="0%" />
              </conditions>
            </line>
            <line number="81" hits="0" branch="False" />
            <line number="82" hits="0" branch="False" />
            <line number="83" hits="0" branch="False" />
            <line number="84" hits="0" branch="False" />
            <line number="85" hits="0" branch="False" />
            <line number="86" hits="0" branch="False" />
            <line number="88" hits="0" branch="False" />
            <line number="89" hits="0" branch="False" />
            <line number="90" hits="0" branch="False" />
            <line number="91" hits="0" branch="False" />
            <line number="93" hits="0" branch="False" />
            <line number="96" hits="0" branch="False" />
            <line number="97" hits="0" branch="False" />
            <line number="98" hits="0" branch="False" />
            <line number="99" hits="0" branch="False" />
            <line number="100" hits="0" branch="False" />
            <line number="101" hits="0" branch="False" />
          </lines>
        </class>
        <class line-rate="0" branch-rate="0" complexity="6" name="Employee_archive.Forms.EditEmployeeForm" filename="D:\Вуз\2 курс\Практика\Employee_Archive\Employee_archive\Forms\EditEmployeeForm.Designer.cs">
          <methods>
            <method line-rate="0" branch-rate="1" complexity="1" name=".ctor" signature="(Employee_archive.Employee)">
              <lines>
                <line number="8" hits="0" branch="False" />
              </lines>
            </method>
            <method line-rate="0" branch-rate="0" complexity="4" name="Dispose" signature="(bool)">
              <lines>
                <line number="15" hits="0" branch="False" />
                <line number="16" hits="0" branch="True" condition-coverage="0% (0/4)">
                  <conditions>
                    <condition number="0" type="jump" coverage="0%" />
                    <condition number="1" type="jump" coverage="0%" />
                  </conditions>
                </line>
                <line number="17" hits="0" branch="False" />
                <line number="18" hits="0" branch="False" />
                <line number="19" hits="0" branch="False" />
                <line number="20" hits="0" branch="False" />
                <line number="21" hits="0" branch="False" />
              </lines>
            </method>
            <method line-rate="0" branch-rate="1" complexity="1" name="InitializeComponent" signature="()">
              <lines>
                <line number="30" hits="0" branch="False" />
                <line number="31" hits="0" branch="False" />
                <line number="32" hits="0" branch="False" />
                <line number="33" hits="0" branch="False" />
                <line number="34" hits="0" branch="False" />
                <line number="35" hits="0" branch="False" />
                <line number="36" hits="0" branch="False" />
                <line number="37" hits="0" branch="False" />
                <line number="38" hits="0" branch="False" />
                <line number="39" hits="0" branch="False" />
                <line number="40" hits="0" branch="False" />
                <line number="41" hits="0" branch="False" />
                <line number="42" hits="0" branch="False" />
                <line number="43" hits="0" branch="False" />
                <line number="44" hits="0" branch="False" />
                <line number="45" hits="0" branch="False" />
                <line number="46" hits="0" branch="False" />
                <line number="50" hits="0" branch="False" />
                <line number="51" hits="0" branch="False" />
                <line number="52" hits="0" branch="False" />
                <line number="53" hits="0" branch="False" />
                <line number="54" hits="0" branch="False" />
                <line number="55" hits="0" branch="False" />
                <line number="56" hits="0" branch="False" />
                <line number="60" hits="0" branch="False" />
                <line number="61" hits="0" branch="False" />
                <line number="62" hits="0" branch="False" />
                <line number="63" hits="0" branch="False" />
                <line number="64" hits="0" branch="False" />
                <line number="65" hits="0" branch="False" />
                <line number="66" hits="0" branch="False" />
                <line number="70" hits="0" branch="False" />
                <line number="71" hits="0" branch="False" />
                <line number="72" hits="0" branch="False" />
                <line number="73" hits="0" branch="False" />
                <line number="74" hits="0" branch="False" />
                <line number="75" hits="0" branch="False" />
                <line number="76" hits="0" branch="False" />
                <line number="80" hits="0" branch="False" />
                <line number="81" hits="0" branch="False" />
                <line number="82" hits="0" branch="False" />
                <line number="83" hits="0" branch="False" />
                <line number="84" hits="0" branch="False" />
                <line number="85" hits="0" branch="False" />
                <line number="86" hits="0" branch="False" />
                <line number="90" hits="0" branch="False" />
                <line number="91" hits="0" branch="False" />
                <line number="92" hits="0" branch="False" />
                <line number="93" hits="0" branch="False" />
                <line number="94" hits="0" branch="False" />
                <line number="95" hits="0" branch="False" />
                <line number="96" hits="0" branch="False" />
                <line number="100" hits="0" branch="False" />
                <line number="101" hits="0" branch="False" />
                <line number="102" hits="0" branch="False" />
                <line number="103" hits="0" branch="False" />
                <line number="107" hits="0" branch="False" />
                <line number="108" hits="0" branch="False" />
                <line number="109" hits="0" branch="False" />
                <line number="110" hits="0" branch="False" />
                <line number="114" hits="0" branch="False" />
                <line number="115" hits="0" branch="False" />
                <line number="116" hits="0" branch="False" />
                <line number="117" hits="0" branch="False" />
                <line number="121" hits="0" branch="False" />
                <line number="122" hits="0" branch="False" />
                <line number="123" hits="0" branch="False" />
                <line number="124" hits="0" branch="False" />
                <line number="125" hits="0" branch="False" />
                <line number="129" hits="0" branch="False" />
                <line number="130" hits="0" branch="False" />
                <line number="131" hits="0" branch="False" />
                <line number="132" hits="0" branch="False" />
                <line number="133" hits="0" branch="False" />
                <line number="134" hits="0" branch="False" />
                <line number="135" hits="0" branch="False" />
                <line number="136" hits="0" branch="False" />
                <line number="140" hits="0" branch="False" />
                <line number="141" hits="0" branch="False" />
                <line number="142" hits="0" branch="False" />
                <line number="143" hits="0" branch="False" />
                <line number="144" hits="0" branch="False" />
                <line number="145" hits="0" branch="False" />
                <line number="146" hits="0" branch="False" />
                <line number="147" hits="0" branch="False" />
                <line number="151" hits="0" branch="False" />
                <line number="152" hits="0" branch="False" />
                <line number="153" hits="0" branch="False" />
                <line number="154" hits="0" branch="False" />
                <line number="155" hits="0" branch="False" />
                <line number="156" hits="0" branch="False" />
                <line number="157" hits="0" branch="False" />
                <line number="161" hits="0" branch="False" />
                <line number="162" hits="0" branch="False" />
                <line number="163" hits="0" branch="False" />
                <line number="164" hits="0" branch="False" />
                <line number="165" hits="0" branch="False" />
                <line number="166" hits="0" branch="False" />
                <line number="167" hits="0" branch="False" />
                <line number="168" hits="0" branch="False" />
                <line number="169" hits="0" branch="False" />
                <line number="173" hits="0" branch="False" />
                <line number="174" hits="0" branch="False" />
                <line number="175" hits="0" branch="False" />
                <line number="176" hits="0" branch="False" />
                <line number="177" hits="0" branch="False" />
                <line number="178" hits="0" branch="False" />
                <line number="179" hits="0" branch="False" />
                <line number="183" hits="0" branch="False" />
                <line number="184" hits="0" branch="False" />
                <line number="185" hits="0" branch="False" />
                <line number="186" hits="0" branch="False" />
                <line number="187" hits="0" branch="False" />
                <line number="188" hits="0" branch="False" />
                <line number="189" hits="0" branch="False" />
                <line number="190" hits="0" branch="False" />
                <line number="191" hits="0" branch="False" />
                <line number="192" hits="0" branch="False" />
                <line number="193" hits="0" branch="False" />
                <line number="194" hits="0" branch="False" />
                <line number="195" hits="0" branch="False" />
                <line number="196" hits="0" branch="False" />
                <line number="197" hits="0" branch="False" />
                <line number="198" hits="0" branch="False" />
                <line number="199" hits="0" branch="False" />
                <line number="200" hits="0" branch="False" />
                <line number="201" hits="0" branch="False" />
                <line number="202" hits="0" branch="False" />
                <line number="203" hits="0" branch="False" />
                <line number="204" hits="0" branch="False" />
                <line number="205" hits="0" branch="False" />
                <line number="207" hits="0" branch="False" />
              </lines>
            </method>
          </methods>
          <lines>
            <line number="8" hits="0" branch="False" />
            <line number="15" hits="0" branch="False" />
            <line number="16" hits="0" branch="True" condition-coverage="0% (0/4)">
              <conditions>
                <condition number="0" type="jump" coverage="0%" />
                <condition number="1" type="jump" coverage="0%" />
              </conditions>
            </line>
            <line number="17" hits="0" branch="False" />
            <line number="18" hits="0" branch="False" />
            <line number="19" hits="0" branch="False" />
            <line number="20" hits="0" branch="False" />
            <line number="21" hits="0" branch="False" />
            <line number="30" hits="0" branch="False" />
            <line number="31" hits="0" branch="False" />
            <line number="32" hits="0" branch="False" />
            <line number="33" hits="0" branch="False" />
            <line number="34" hits="0" branch="False" />
            <line number="35" hits="0" branch="False" />
            <line number="36" hits="0" branch="False" />
            <line number="37" hits="0" branch="False" />
            <line number="38" hits="0" branch="False" />
            <line number="39" hits="0" branch="False" />
            <line number="40" hits="0" branch="False" />
            <line number="41" hits="0" branch="False" />
            <line number="42" hits="0" branch="False" />
            <line number="43" hits="0" branch="False" />
            <line number="44" hits="0" branch="False" />
            <line number="45" hits="0" branch="False" />
            <line number="46" hits="0" branch="False" />
            <line number="50" hits="0" branch="False" />
            <line number="51" hits="0" branch="False" />
            <line number="52" hits="0" branch="False" />
            <line number="53" hits="0" branch="False" />
            <line number="54" hits="0" branch="False" />
            <line number="55" hits="0" branch="False" />
            <line number="56" hits="0" branch="False" />
            <line number="60" hits="0" branch="False" />
            <line number="61" hits="0" branch="False" />
            <line number="62" hits="0" branch="False" />
            <line number="63" hits="0" branch="False" />
            <line number="64" hits="0" branch="False" />
            <line number="65" hits="0" branch="False" />
            <line number="66" hits="0" branch="False" />
            <line number="70" hits="0" branch="False" />
            <line number="71" hits="0" branch="False" />
            <line number="72" hits="0" branch="False" />
            <line number="73" hits="0" branch="False" />
            <line number="74" hits="0" branch="False" />
            <line number="75" hits="0" branch="False" />
            <line number="76" hits="0" branch="False" />
            <line number="80" hits="0" branch="False" />
            <line number="81" hits="0" branch="False" />
            <line number="82" hits="0" branch="False" />
            <line number="83" hits="0" branch="False" />
            <line number="84" hits="0" branch="False" />
            <line number="85" hits="0" branch="False" />
            <line number="86" hits="0" branch="False" />
            <line number="90" hits="0" branch="False" />
            <line number="91" hits="0" branch="False" />
            <line number="92" hits="0" branch="False" />
            <line number="93" hits="0" branch="False" />
            <line number="94" hits="0" branch="False" />
            <line number="95" hits="0" branch="False" />
            <line number="96" hits="0" branch="False" />
            <line number="100" hits="0" branch="False" />
            <line number="101" hits="0" branch="False" />
            <line number="102" hits="0" branch="False" />
            <line number="103" hits="0" branch="False" />
            <line number="107" hits="0" branch="False" />
            <line number="108" hits="0" branch="False" />
            <line number="109" hits="0" branch="False" />
            <line number="110" hits="0" branch="False" />
            <line number="114" hits="0" branch="False" />
            <line number="115" hits="0" branch="False" />
            <line number="116" hits="0" branch="False" />
            <line number="117" hits="0" branch="False" />
            <line number="121" hits="0" branch="False" />
            <line number="122" hits="0" branch="False" />
            <line number="123" hits="0" branch="False" />
            <line number="124" hits="0" branch="False" />
            <line number="125" hits="0" branch="False" />
            <line number="129" hits="0" branch="False" />
            <line number="130" hits="0" branch="False" />
            <line number="131" hits="0" branch="False" />
            <line number="132" hits="0" branch="False" />
            <line number="133" hits="0" branch="False" />
[...]
                <line number="81" hits="0" branch="False" />
              </lines>
            </method>
            <method line-rate="0" branch-rate="1" complexity="1" name="btnAdd_Click" signature="(object, System.EventArgs)">
              <lines>
                <line number="84" hits="0" branch="False" />
                <line number="85" hits="0" branch="False" />
                <line number="86" hits="0" branch="False" />
                <line number="87" hits="0" branch="False" />
                <line number="88" hits="0" branch="False" />
                <line number="89" hits="0" branch="False" />
              </lines>
            </method>
            <method line-rate="0" branch-rate="0" complexity="2" name="btnDelete_Click" signature="(object, System.EventArgs)">
              <lines>
                <line number="92" hits="0" branch="False" />
                <line number="93" hits="0" branch="False" />
                <line number="95" hits="0" branch="False" />
                <line number="96" hits="0" branch="False" />
                <line number="97" hits="0" branch="False" />
                <line number="98" hits="0" branch="False" />
                <line number="100" hits="0" branch="False" />
                <line number="102" hits="0" branch="True" condition-coverage="0% (0/2)">
                  <conditions>
                    <condition number="0" type="jump" coverage="0%" />
                  </conditions>
                </line>
                <line number="103" hits="0" branch="False" />
                <line number="105" hits="0" branch="False" />
                <line number="106" hits="0" branch="False" />
                <line number="107" hits="0" branch="False" />
                <line number="108" hits="0" branch="False" />
                <line number="109" hits="0" branch="False" />
                <line number="110" hits="0" branch="False" />
                <line number="111" hits="0" branch="False" />
                <line number="112" hits="0" branch="False" />
                <line number="113" hits="0" branch="False" />
                <line number="115" hits="0" branch="False" />
                <line number="117" hits="0" branch="False" />
              </lines>
            </method>
            <method line-rate="0" branch-rate="0" complexity="4" name="btnUpdate_Click" signature="(object, System.EventArgs)">
              <lines>
                <line number="120" hits="0" branch="False" />
                <line number="121" hits="0" branch="True" condition-coverage="0% (0/2)">
                  <conditions>
                    <condition number="0" type="jump" coverage="0%" />
                  </conditions>
                </line>
                <line number="122" hits="0" branch="False" />
                <line number="123" hits="0" branch="False" />
                <line number="124" hits="0" branch="False" />
                <line number="127" hits="0" branch="True" condition-coverage="0% (0/2)">
                  <conditions>
                    <condition number="0" type="jump" coverage="0%" />
                  </conditions>
                </line>
                <line number="129" hits="0" branch="False" />
                <line number="130" hits="0" branch="False" />
                <line number="131" hits="0" branch="False" />
                <line number="132" hits="0" branch="False" />
                <line number="133" hits="0" branch="False" />
                <line number="134" hits="0" branch="False" />
                <line number="137" hits="0" branch="False" />
                <line number="138" hits="0" branch="False" />
                <line number="139" hits="0" branch="False" />
                <line number="141" hits="0" branch="False" />
                <line number="142" hits="0" branch="False" />
                <line number="143" hits="0" branch="False" />
                <line number="144" hits="0" branch="False" />
                <line number="145" hits="0" branch="False" />
                <line number="146" hits="0" branch="False" />
                <line number="147" hits="0" branch="False" />
                <line number="148" hits="0" branch="False" />
                <line number="149" hits="0" branch="False" />
                <line number="150" hits="0" branch="False" />
                <line number="152" hits="0" branch="False" />
                <line number="153" hits="0" branch="False" />
                <line number="154" hits="0" branch="False" />
                <line number="155" hits="0" branch="False" />
                <line number="158" hits="0" branch="False" />
              </lines>
            </method>
            <method line-rate="0" branch-rate="0" complexity="2" name="btnExportToExcel_Click" signature="(object, System.EventArgs)">
              <lines>
                <line number="161" hits="0" branch="False" />
                <line number="162" hits="0" branch="False" />
                <line number="163" hits="0" branch="False" />
                <line number="164" hits="0" branch="False" />
                <line number="165" hits="0" branch="False" />
                <line number="166" hits="0" branch="False" />
                <line number="167" hits="0" branch="False" />
                <line number="169" hits="0" branch="True" condition-coverage="0% (0/2)">
                  <conditions>
                    <condition number="0" type="jump" coverage="0%" />
                  </conditions>
                </line>
                <line number="170" hits="0" branch="False" />
                <line number="173" hits="0" branch="False" />
                <line number="174" hits="0" branch="False" />
                <line number="175" hits="0" branch="False" />
                <line number="176" hits="0" branch="False" />
                <line number="177" hits="0" branch="False" />
                <line number="178" hits="0" branch="False" />
                <line number="179" hits="0" branch="False" />
                <line number="180" hits="0" branch="False" />
                <line number="181" hits="0" branch="False" />
                <line number="182" hits="0" branch="False" />
              </lines>
            </method>
            <method line-rate="0" branch-rate="0" complexity="2" name="ExportToExcel" signature="(string)">
              <lines>
                <line number="185" hits="0" branch="False" />
                <line number="186" hits="0" branch="False" />
                <line number="187" hits="0" branch="False" />
                <line number="188" hits="0" branch="False" />
                <line number="189" hits="0" branch="False" />
                <line number="191" hits="0" branch="False" />
                <line number="192" hits="0" branch="False" />
                <line number="193" hits="0" branch="False" />
                <line number="194" hits="0" branch="False" />
                <line number="195" hits="0" branch="False" />
                <line number="196" hits="0" branch="False" />
                <line number="199" hits="0" branch="False" />
                <line number="200" hits="0" branch="True" condition-coverage="0% (0/2)">
                  <conditions>
                    <condition number="0" type="jump" coverage="0%" />
                  </conditions>
                </line>
                <line number="201" hits="0" branch="False" />
                <line number="202" hits="0" branch="False" />
                <line number="203" hits="0" branch="False" />
                <line number="204" hits="0" branch="False" />
                <line number="205" hits="0" branch="False" />
                <line number="206" hits="0" branch="False" />
                <line number="207" hits="0" branch="False" />
                <line number="208" hits="0" branch="False" />
                <line number="209" hits="0" branch="False" />
                <line number="211" hits="0" branch="False" />
                <line number="212" hits="0" branch="False" />
                <line number="213" hits="0" branch="False" />
                <line number="214" hits="0" branch="False" />
              </lines>
            </method>
          </methods>
          <lines>
            <line number="18" hits="0" branch="False" />
            <line number="19" hits="0" branch="False" />
            <line number="20" hits="0" branch="False" />
            <line number="21" hits="0" branch="False" />
            <line number="22" hits="0" branch="False" />
            <line number="23" hits="0" branch="False" />
            <line number="24" hits="0" branch="False" />
            <line number="28" hits="0" branch="False" />
            <line number="29" hits="0" branch="False" />
            <line number="30" hits="0" branch="False" />
            <line number="31" hits="0" branch="False" />
            <line number="33" hits="0" branch="False" />
            <line number="37" hits="0" branch="False" />
            <line number="38" hits="0" branch="False" />
            <line number="39" hits="0" branch="False" />
            <line number="40" hits="0" branch="False" />
            <line number="44" hits="0" branch="False" />
            <line number="45" hits="0" branch="False" />
            <line number="47" hits="0" branch="True" condition-coverage="0% (0/2)">
              <conditions>
                <condition number="0" type="jump" coverage="0%" />
              </conditions>
            </line>
            <line number="48" hits="0" branch="False" />
            <line number="49" hits="0" branch="False" />
            <line number="50" hits="0" branch="False" />
            <line number="51" hits="0" branch="False" />
            <line number="52" hits="0" branch="False" />
            <line number="53" hits="0" branch="False" />
            <line number="54" hits="0" branch="False" />
            <line number="55" hits="0" branch="False" />
            <line number="57" hits="0" branch="False" />
            <line number="59" hits="0" branch="False" />
            <line number="60" hits="0" branch="False" />
            <line number="61" hits="0" branch="False" />
            <line number="65" hits="0" branch="False" />
            <line number="66" hits="0" branch="False" />
            <line number="67" hits="0" branch="False" />
            <line number="68" hits="0" branch="False" />
            <line number="69" hits="0" branch="False" />
            <line number="70" hits="0" branch="False" />
            <line number="71" hits="0" branch="False" />
            <line number="73" hits="0" branch="False" />
            <line number="76" hits="0" branch="False" />
            <line number="77" hits="0" branch="False" />
            <line number="78" hits="0" branch="False" />
            <line number="79" hits="0" branch="False" />
            <line number="80" hits="0" branch="False" />
            <line number="81" hits="0" branch="False" />
            <line number="84" hits="0" branch="False" />
            <line number="85" hits="0" branch="False" />
            <line number="86" hits="0" branch="False" />
            <line number="87" hits="0" branch="False" />
            <line number="88" hits="0" branch="False" />
            <line number="89" hits="0" branch="False" />
            <line number="92" hits="0" branch="False" />
            <line number="93" hits="0" branch="False" />
            <line number="95" hits="0" branch="False" />
            <line number="96" hits="0" branch="False" />
            <line number="97" hits="0" branch="False" />
            <line number="98" hits="0" branch="False" />
            <line number="100" hits="0" branch="False" />
            <line number="102" hits="0" branch="True" condition-coverage="0% (0/2)">
              <conditions>
                <condition number="0" type="jump" coverage="0%" />
              </conditions>
            </line>
            <line number="103" hits="0" branch="False" />
            <line number="105" hits="0" branch="False" />
            <line number="106" hits="0" branch="False" />
            <line number="107" hits="0" branch="False" />
            <line number="108" hits="0" branch="False" />
            <line number="109" hits="0" branch="False" />
            <line number="110" hits="0" branch="False" />
            <line number="111" hits="0" branch="False" />
            <line number="112" hits="0" branch="False" />
            <line number="113" hits="0" branch="False" />
            <line number="115" hits="0" branch="False" />
            <line number="117" hits="0" branch="False" />
            <line number="120" hits="0" branch="False" />
            <line number="121" hits="0" branch="True" condition-coverage="0% (0/2)">
              <conditions>
                <condition number="0" type="jump" coverage="0%" />
              </conditions>
            </line>
            <line number="122" hits="0" branch="False" />
            <line number="123" hits="0" branch="False" />
            <line number="124" hits="0" branch="False" />
            <line number="127" hits="0" branch="True" condition-coverage="0% (0/2)">
              <conditions>
                <condition number="0" type="jump" coverage="0%" />
              </conditions>
            </line>
            <line number="129" hits="0" branch="False" />
            <line number="130" hits="0" branch="False" />
            <line number="131" hits="0" branch="False" />
            <line number="132" hits="0" branch="False" />
            <line number="133" hits="0" branch="False" />
            <line number="134" hits="0" branch="False" />
            <line number="137" hits="0" branch="False" />
            <line number="138" hits="0" branch="False" />
            <line number="139" hits="0" branch="False" />
            <line number="141" hits="0" branch="False" />
            <line number="142" hits="0" branch="False" />
            <line number="143" hits="0" branch="False" />
            <line number="144" hits="0" branch="False" />
            <line number="145" hits="0" branch="False" />
            <line number="146" hits="0" branch="False" />
            <line number="147" hits="0" branch="False" />
            <line number="148" hits="0" branch="False" />
            <line number="149" hits="0" branch="False" />
            <line number="150" hits="0" branch="False" />
            <line number="152" hits="0" branch="False" />
            <line number="153" hits="0" branch="False" />
            <line number="154" hits="0" branch="False" />
            <line number="155" hits="0" branch="False" />
            <line number="158" hits="0" branch="False" />
            <line number="161" hits="0" branch="False" />
            <line number="162" hits="0" branch="False" />
            <line number="163" hits="0" branch="False" />
            <line number="164" hits="0" branch="False" />
            <line number="165" hits="0" branch="False" />
            <line number="166" hits="0" branch="False" />
            <line number="167" hits="0" branch="False" />
            <line number="169" hits="0" branch="True" condition-coverage="0% (0/2)">
              <conditions>
                <condition number="0" type="jump" coverage="0%" />
              </conditions>
            </line>
            <line number="170" hits="0" branch="False" />
            <line number="173" hits="0" branch="False" />
            <line number="174" hits="0" branch="False" />
            <line number="175" hits="0" branch="False" />
            <line number="176" hits="0" branch="False" />
            <line number="177" hits="0" branch="False" />
            <line number="178" hits="0" branch="False" />
            <line number="179" hits="0" branch="False" />
            <line number="180" hits="0" branch="False" />
            <line number="181" hits="0" branch="False" />
            <line number="182" hits="0" branch="False" />
            <line number="185" hits="0" branch="False" />
            <line number="186" hits="0" branch="False" />
            <line number="187" hits="0" branch="False" />
            <line number="188" hits="0" branch="False" />
            <line number="189" hits="0" branch="False" />
            <line number="191" hits="0" branch="False" />
            <line number="192" hits="0" branch="False" />
            <line number="193" hits="0" branch="False" />
            <line number="194" hits="0" branch="False" />
            <line number="195" hits="0" branch="False" />
            <line number="196" hits="0" branch="False" />
            <line number="199" hits="0" branch="False" />
            <line number="200" hits="0" branch="True" condition-coverage="0% (0/2)">
              <conditions>
                <condition number="0" type="jump" coverage="0%" />
              </conditions>
            </line>
            <line number="201" hits="0" branch="False" />
            <line number="202" hits="0" branch="False" />
            <line number="203" hits="0" branch="False" />
            <line number="204" hits="0" branch="False" />
            <line number="205" hits="0" branch="False" />
            <line number="206" hits="0" branch="False" />
            <line number="207" hits="0" branch="False" />
            <line number="208" hits="0" branch="False" />
            <line number="209" hits="0" branch="False" />
            <line number="211" hits="0" branch="False" />
            <line number="212" hits="0" branch="False" />
            <line number="213" hits="0" branch="False" />
            <line number="214" hits="0" branch="False" />
          </lines>
        </class>
        <class line-rate="0" branch-rate="1" complexity="1" name="Employee_archive.Forms.MainForm.&lt;&gt;c" filename="D:\Вуз\2 курс\Практика\Employee_Archive\Employee_archive\Forms\MainForm.cs">
          <methods>
            <method line-rate="0" branch-rate="1" complexity="1" name="&lt;LoadEmployees&gt;b__4_0" signature="(Employee_archive.Employee)">
              <lines>
                <line number="47" hits="0" branch="False" />
                <line number="48" hits="0" branch="False" />
                <line number="49" hits="0" branch="False" />
                <line number="50" hits="0" branch="False" />
                <line number="51" hits="0" branch="False" />
                <line number="52" hits="0" branch="False" />
                <line number="53" hits="0" branch="False" />
                <line number="54" hits="0" branch="False" />
                <line number="55" hits="0" branch="False" />
              </lines>
            </method>
          </methods>
          <lines>
            <line number="47" hits="0" branch="False" />
            <line number="48" hits="0" branch="False" />
            <line number="49" hits="0" branch="False" />
            <line number="50" hits="0" branch="False" />
            <line number="51" hits="0" branch="False" />
            <line number="52" hits="0" branch="False" />
            <line number="53" hits="0" branch="False" />
            <line number="54" hits="0" branch="False" />
            <line number="55" hits="0" branch="False" />
          </lines>
        </class>
        <class line-rate="0" branch-rate="1" complexity="1" name="Employee_archive.Forms.MainForm.&lt;&gt;c__DisplayClass9_0" filename="D:\Вуз\2 курс\Практика\Employee_Archive\Employee_archive\Forms\MainForm.cs">
          <methods>
            <method line-rate="0" branch-rate="1" complexity="1" name="&lt;btnUpdate_Click&gt;b__0" signature="(Employee_archive.Role)">
              <lines>
                <line number="138" hits="0" branch="False" />
              </lines>
            </method>
          </methods>
          <lines>
            <line number="138" hits="0" branch="False" />
          </lines>
        </class>
      </classes>
    </package>
  </packages>
</coverage>